BcastRecCompBcast/app/build/intermediates/manifest_merge_blame_file/debug/manifest-merger-blame-debug-report.txt
1<?xml version="1.0" encoding="utf-8"?>
2<manifest xmlns:android="http://schemas.android.com/apk/res/android"
3    package="course.examples.broadcastreceiver.compoundbroadcast" >
4
5    <uses-sdk
6        android:minSdkVersion="23"
6-->src\main\AndroidManifest.xml
7        android:targetSdkVersion="30" />
7-->src\main\AndroidManifest.xml
8
9    <uses-permission android:name="android.permission.VIBRATE" />
9-->src\main\AndroidManifest.xml:6:5-66
9-->src\main\AndroidManifest.xml:6:22-63
10
11    <application
11-->src\main\AndroidManifest.xml:8:5-49:19
12        android:allowBackup="false"
12-->src\main\AndroidManifest.xml:9:9-36
13        android:debuggable="true"
14        android:extractNativeLibs="false"
15        android:icon="@mipmap/ic_launcher"
15-->src\main\AndroidManifest.xml:10:9-43
16        android:label="@string/app_name"
16-->src\main\AndroidManifest.xml:11:9-41
17        android:testOnly="true"
18        android:theme="@style/MaterialTheme" >
18-->src\main\AndroidManifest.xml:12:9-45
19        <activity
19-->src\main\AndroidManifest.xml:14:9-22:20
20            android:name="course.examples.broadcastreceiver.compoundbroadcast.CompoundBroadcast"
20-->src\main\AndroidManifest.xml:15:13-46
21            android:label="@string/app_name" >
21-->src\main\AndroidManifest.xml:16:13-45
22            <intent-filter>
22-->src\main\AndroidManifest.xml:17:13-21:29
23                <action android:name="android.intent.action.MAIN" />
23-->src\main\AndroidManifest.xml:18:17-69
23-->src\main\AndroidManifest.xml:18:25-66
24
25                <category android:name="android.intent.category.LAUNCHER" />
25-->src\main\AndroidManifest.xml:20:17-77
25-->src\main\AndroidManifest.xml:20:27-74
26            </intent-filter>
27        </activity>
28
29        <receiver
29-->src\main\AndroidManifest.xml:24:9-30:20
30            android:name="course.examples.broadcastreceiver.compoundbroadcast.Receiver3"
30-->src\main\AndroidManifest.xml:25:13-38
31            android:exported="false" >
31-->src\main\AndroidManifest.xml:26:13-37
32            <intent-filter>
32-->src\main\AndroidManifest.xml:27:13-29:29
33                <action android:name="course.examples.broadcastreceiver.compoundbroadcast.SHOW_TOAST" />
33-->src\main\AndroidManifest.xml:28:17-105
33-->src\main\AndroidManifest.xml:28:25-102
34            </intent-filter>
35        </receiver>
36        <receiver
36-->src\main\AndroidManifest.xml:32:9-38:20
37            android:name="course.examples.broadcastreceiver.compoundbroadcast.Receiver2"
37-->src\main\AndroidManifest.xml:33:13-38
38            android:exported="false" >
38-->src\main\AndroidManifest.xml:34:13-37
39            <intent-filter>
39-->src\main\AndroidManifest.xml:27:13-29:29
40                <action android:name="course.examples.broadcastreceiver.compoundbroadcast.SHOW_TOAST" />
40-->src\main\AndroidManifest.xml:28:17-105
40-->src\main\AndroidManifest.xml:28:25-102
41            </intent-filter>
42        </receiver>
43        <receiver
43-->src\main\AndroidManifest.xml:40:9-47:20
44            android:name="course.examples.broadcastreceiver.compoundbroadcast.Receiver1"
44-->src\main\AndroidManifest.xml:41:13-38
45            android:exported="false" >
45-->src\main\AndroidManifest.xml:42:13-37
46            <intent-filter>
46-->src\main\AndroidManifest.xml:27:13-29:29
47                <action android:name="course.examples.broadcastreceiver.compoundbroadcast.SHOW_TOAST" >
47-->src\main\AndroidManifest.xml:28:17-105
47-->src\main\AndroidManifest.xml:28:25-102
48                </action>
49            </intent-filter>
50        </receiver>
51    </application>
52
53</manifest>